#! /usr/local/iverilog/bin/vvp
:ivl_version "11.0 (devel)" "(s20150603-642-g3bdb50da)";
:ivl_delay_selection "TYPICAL";
:vpi_time_precision + 0;
:vpi_module "system";
:vpi_module "vhdl_sys";
:vpi_module "vhdl_textio";
:vpi_module "v2005_math";
:vpi_module "va_math";
S_000000000093c780 .scope module, "TOP" "TOP" 2 1;
 .timescale 0 0;
v00000000008bbba0_0 .var "num", 3 0;
v00000000008bc140_0 .net "out", 0 0, L_00000000008428e0;  1 drivers
v00000000008bc460_0 .net "w", 0 0, L_00000000008bbe20;  1 drivers
v00000000008bc500_0 .net "x", 0 0, L_00000000008bb880;  1 drivers
v00000000008bb920_0 .net "y", 0 0, L_00000000008bbec0;  1 drivers
v00000000008bc6e0_0 .net "z", 0 0, L_00000000008bc320;  1 drivers
L_00000000008bbe20 .part v00000000008bbba0_0, 3, 1;
L_00000000008bb880 .part v00000000008bbba0_0, 2, 1;
L_00000000008bbec0 .part v00000000008bbba0_0, 1, 1;
L_00000000008bc320 .part v00000000008bbba0_0, 0, 1;
S_000000000093cae0 .scope module, "SEG_B" "num_7seg_B" 2 7, 3 1 0, S_000000000093c780;
 .timescale 0 0;
    .port_info 0 /OUTPUT 1 "out";
    .port_info 1 /INPUT 1 "w";
    .port_info 2 /INPUT 1 "x";
    .port_info 3 /INPUT 1 "y";
    .port_info 4 /INPUT 1 "z";
L_000000000093cdb0 .functor XOR 1, L_00000000008bbec0, L_00000000008bc320, C4<0>, C4<0>;
L_0000000000842720 .functor AND 1, L_00000000008bb880, L_000000000093cdb0, C4<1>, C4<1>;
L_0000000000842790 .functor OR 1, L_0000000000842720, L_00000000008bbe20, C4<0>, C4<0>;
L_0000000000842800 .functor OR 1, L_00000000008bbec0, L_00000000008bc320, C4<0>, C4<0>;
L_0000000000842870 .functor NOT 1, L_0000000000842800, C4<0>, C4<0>, C4<0>;
L_00000000008428e0 .functor OR 1, L_0000000000842790, L_0000000000842870, C4<0>, C4<0>;
v000000000093cc70_0 .net *"_s0", 0 0, L_000000000093cdb0;  1 drivers
v000000000093cd10_0 .net *"_s2", 0 0, L_0000000000842720;  1 drivers
v00000000008bc280_0 .net *"_s4", 0 0, L_0000000000842790;  1 drivers
v00000000008bc1e0_0 .net *"_s6", 0 0, L_0000000000842800;  1 drivers
v00000000008bbf60_0 .net *"_s8", 0 0, L_0000000000842870;  1 drivers
v00000000008bc3c0_0 .net "out", 0 0, L_00000000008428e0;  alias, 1 drivers
v00000000008bc000_0 .net "w", 0 0, L_00000000008bbe20;  alias, 1 drivers
v00000000008bc0a0_0 .net "x", 0 0, L_00000000008bb880;  alias, 1 drivers
v00000000008bbc40_0 .net "y", 0 0, L_00000000008bbec0;  alias, 1 drivers
v00000000008bbd80_0 .net "z", 0 0, L_00000000008bc320;  alias, 1 drivers
    .scope S_000000000093c780;
T_0 ;
    %delay 200, 0;
    %vpi_call 2 11 "$finish" {0 0 0};
    %end;
    .thread T_0;
    .scope S_000000000093c780;
T_1 ;
    %pushi/vec4 0, 0, 4;
    %store/vec4 v00000000008bbba0_0, 0, 4;
    %pushi/vec4 15, 0, 32;
T_1.0 %dup/vec4;
    %pushi/vec4 0, 0, 32;
    %cmp/s;
    %jmp/1xz T_1.1, 5;
    %jmp/1 T_1.1, 4;
    %pushi/vec4 1, 0, 32;
    %sub;
    %delay 5, 0;
    %load/vec4 v00000000008bbba0_0;
    %addi 1, 0, 4;
    %store/vec4 v00000000008bbba0_0, 0, 4;
    %jmp T_1.0;
T_1.1 ;
    %pop/vec4 1;
    %end;
    .thread T_1;
    .scope S_000000000093c780;
T_2 ;
    %vpi_call 2 24 "$dumpfile", "h1_output.vcd" {0 0 0};
    %vpi_call 2 25 "$dumpvars" {0 0 0};
    %end;
    .thread T_2;
# The file index is used to find the file name in the following table.
:file_names 4;
    "N/A";
    "<interactive>";
    "h1_top.v";
    "num_7seg_B.v";
